2016-03-15 18:36:36,257 [main] Test DAO: run TestAddDepartment
2016-03-15 18:36:36,257 [main] Test DAO: run TestAddDepartment
2016-03-15 18:36:36,259 [main] DAO: Get all Departments
2016-03-15 18:36:36,259 [main] DAO: Get all Departments
2016-03-15 18:36:36,293 [main] DAO: Add new Department
2016-03-15 18:36:36,293 [main] DAO: Add new Department
2016-03-15 18:36:37,242 [main] DAO: Get all Departments
2016-03-15 18:36:37,242 [main] DAO: Get all Departments
2016-03-15 18:36:37,692 [main] Test DAO: run TestUpdateEmployee
2016-03-15 18:36:37,692 [main] Test DAO: run TestUpdateEmployee
2016-03-15 18:36:37,693 [main] DAO: Add new Employee
2016-03-15 18:36:37,693 [main] DAO: Add new Employee
2016-03-15 18:36:37,951 [main] DAO: Get Employee with id = 6
2016-03-15 18:36:37,951 [main] DAO: Get Employee with id = 6
2016-03-15 18:36:38,005 [main] DAO: Update Employee with id = 6
2016-03-15 18:36:38,005 [main] DAO: Update Employee with id = 6
2016-03-15 18:36:38,139 [main] DAO: Get Employee with id = 6
2016-03-15 18:36:38,139 [main] DAO: Get Employee with id = 6
2016-03-15 18:36:38,661 [main] Test DAO: run TestDeleteDepartment
2016-03-15 18:36:38,661 [main] Test DAO: run TestDeleteDepartment
2016-03-15 18:36:38,662 [main] DAO: Get all Departments
2016-03-15 18:36:38,662 [main] DAO: Get all Departments
2016-03-15 18:36:38,665 [main] DAO: Delete Department with id = 5
2016-03-15 18:36:38,665 [main] DAO: Delete Department with id = 5
2016-03-15 18:36:38,756 [main] DAO: Get all Departments
2016-03-15 18:36:38,756 [main] DAO: Get all Departments
2016-03-15 18:36:39,085 [main] Test DAO: run TestAddEmployee
2016-03-15 18:36:39,085 [main] Test DAO: run TestAddEmployee
2016-03-15 18:36:39,086 [main] DAO: Get all Employees
2016-03-15 18:36:39,086 [main] DAO: Get all Employees
2016-03-15 18:36:39,167 [main] DAO: Add new Employee
2016-03-15 18:36:39,167 [main] DAO: Add new Employee
2016-03-15 18:36:39,220 [main] DAO: Get all Employees
2016-03-15 18:36:39,220 [main] DAO: Get all Employees
2016-03-15 18:36:39,596 [main] Test DAO: run TestUpdateDepartment
2016-03-15 18:36:39,596 [main] Test DAO: run TestUpdateDepartment
2016-03-15 18:36:39,597 [main] DAO: Add new Department
2016-03-15 18:36:39,597 [main] DAO: Add new Department
2016-03-15 18:36:39,605 [main] DAO: Get Department with id = 7
2016-03-15 18:36:39,605 [main] DAO: Get Department with id = 7
2016-03-15 18:36:39,607 [main] DAO: Update Department with id = 7
2016-03-15 18:36:39,607 [main] DAO: Update Department with id = 7
2016-03-15 18:36:39,609 [main] DAO: Get Department with id = 7
2016-03-15 18:36:39,609 [main] DAO: Get Department with id = 7
2016-03-15 18:36:39,701 [main] Test DAO: run TestGetAllDepartments
2016-03-15 18:36:39,701 [main] Test DAO: run TestGetAllDepartments
2016-03-15 18:36:39,706 [main] DAO: Get all Departments
2016-03-15 18:36:39,706 [main] DAO: Get all Departments
2016-03-15 18:36:39,734 [main] Test DAO: run TestGetAllEmployeesFromDepartment
2016-03-15 18:36:39,734 [main] Test DAO: run TestGetAllEmployeesFromDepartment
2016-03-15 18:36:39,735 [main] DAO: Add new Department
2016-03-15 18:36:39,735 [main] DAO: Add new Department
2016-03-15 18:36:39,761 [main] DAO: Add new Employee
2016-03-15 18:36:39,761 [main] DAO: Add new Employee
2016-03-15 18:36:39,773 [main] DAO: Add new Employee
2016-03-15 18:36:39,773 [main] DAO: Add new Employee
2016-03-15 18:36:39,886 [main] DAO: Get all Employees from Department with id = 8
2016-03-15 18:36:39,886 [main] DAO: Get all Employees from Department with id = 8
2016-03-15 18:36:39,963 [main] Test DAO: run TestDeleteEmployee
2016-03-15 18:36:39,963 [main] Test DAO: run TestDeleteEmployee
2016-03-15 18:36:39,963 [main] DAO: Get all Employees
2016-03-15 18:36:39,963 [main] DAO: Get all Employees
2016-03-15 18:36:39,969 [main] DAO: Delete Employee with id = 5
2016-03-15 18:36:39,969 [main] DAO: Delete Employee with id = 5
2016-03-15 18:36:40,016 [main] DAO: Get all Employees
2016-03-15 18:36:40,016 [main] DAO: Get all Employees
2016-03-15 18:36:40,081 [main] Test DAO: run TestGetEmployee
2016-03-15 18:36:40,081 [main] Test DAO: run TestGetEmployee
2016-03-15 18:36:40,082 [main] DAO: Add new Employee
2016-03-15 18:36:40,082 [main] DAO: Add new Employee
2016-03-15 18:36:40,086 [main] DAO: Get Employee with id = 10
2016-03-15 18:36:40,086 [main] DAO: Get Employee with id = 10
2016-03-15 18:36:40,137 [main] Test DAO: run TestGetDepartment
2016-03-15 18:36:40,137 [main] Test DAO: run TestGetDepartment
2016-03-15 18:36:40,138 [main] DAO: Add new Department
2016-03-15 18:36:40,138 [main] DAO: Add new Department
2016-03-15 18:36:40,140 [main] DAO: Get Department with id = 9
2016-03-15 18:36:40,140 [main] DAO: Get Department with id = 9
2016-03-15 18:36:40,183 [main] Test DAO: run TestGetAllEmployees
2016-03-15 18:36:40,183 [main] Test DAO: run TestGetAllEmployees
2016-03-15 18:36:40,184 [main] DAO: Get all Employees
2016-03-15 18:36:40,184 [main] DAO: Get all Employees
2016-03-20 16:41:19,483 [main] Test DAO: run TestAddDepartment
2016-03-20 16:41:19,483 [main] Test DAO: run TestAddDepartment
2016-03-20 16:41:19,503 [main] DAO: Get all Departments
2016-03-20 16:41:19,503 [main] DAO: Get all Departments
2016-03-20 16:41:19,522 [main] DAO: Add new Department
2016-03-20 16:41:19,522 [main] DAO: Add new Department
2016-03-20 16:41:19,558 [main] DAO: Get all Departments
2016-03-20 16:41:19,558 [main] DAO: Get all Departments
2016-03-20 16:41:19,633 [main] Test DAO: run TestUpdateEmployee
2016-03-20 16:41:19,633 [main] Test DAO: run TestUpdateEmployee
2016-03-20 16:41:19,634 [main] DAO: Add new Employee
2016-03-20 16:41:19,634 [main] DAO: Add new Employee
2016-03-20 16:41:19,682 [main] DAO: Get Employee with id = 9
2016-03-20 16:41:19,682 [main] DAO: Get Employee with id = 9
2016-03-20 16:41:19,742 [main] DAO: Update Employee with id = 9
2016-03-20 16:41:19,742 [main] DAO: Update Employee with id = 9
2016-03-20 16:41:19,979 [main] DAO: Get Employee with id = 9
2016-03-20 16:41:19,979 [main] DAO: Get Employee with id = 9
2016-03-20 16:41:20,086 [main] Test DAO: run TestDeleteDepartment
2016-03-20 16:41:20,086 [main] Test DAO: run TestDeleteDepartment
2016-03-20 16:41:20,087 [main] DAO: Get all Departments
2016-03-20 16:41:20,087 [main] DAO: Get all Departments
2016-03-20 16:41:20,088 [main] DAO: Delete Department with id = 5
2016-03-20 16:41:20,088 [main] DAO: Delete Department with id = 5
2016-03-20 16:41:20,089 [main] DAO: Get all Departments
2016-03-20 16:41:20,089 [main] DAO: Get all Departments
2016-03-20 16:41:20,164 [main] Test DAO: run TestAddEmployee
2016-03-20 16:41:20,164 [main] Test DAO: run TestAddEmployee
2016-03-20 16:41:20,165 [main] DAO: Get all Employees
2016-03-20 16:41:20,165 [main] DAO: Get all Employees
2016-03-20 16:41:20,173 [main] DAO: Add new Employee
2016-03-20 16:41:20,173 [main] DAO: Add new Employee
2016-03-20 16:41:20,175 [main] DAO: Get all Employees
2016-03-20 16:41:20,175 [main] DAO: Get all Employees
2016-03-20 16:41:20,251 [main] Test DAO: run TestUpdateDepartment
2016-03-20 16:41:20,251 [main] Test DAO: run TestUpdateDepartment
2016-03-20 16:41:20,253 [main] DAO: Add new Department
2016-03-20 16:41:20,253 [main] DAO: Add new Department
2016-03-20 16:41:20,254 [main] DAO: Get Department with id = 7
2016-03-20 16:41:20,254 [main] DAO: Get Department with id = 7
2016-03-20 16:41:20,256 [main] DAO: Update Department with id = 7
2016-03-20 16:41:20,256 [main] DAO: Update Department with id = 7
2016-03-20 16:41:20,258 [main] DAO: Get Department with id = 7
2016-03-20 16:41:20,258 [main] DAO: Get Department with id = 7
2016-03-20 16:41:20,313 [main] Test DAO: run TestGetAllDepartments
2016-03-20 16:41:20,313 [main] Test DAO: run TestGetAllDepartments
2016-03-20 16:41:20,313 [main] DAO: Get all Departments
2016-03-20 16:41:20,313 [main] DAO: Get all Departments
2016-03-20 16:41:20,344 [main] Test DAO: run TestGetAllEmployeesFromDepartment
2016-03-20 16:41:20,344 [main] Test DAO: run TestGetAllEmployeesFromDepartment
2016-03-20 16:41:20,345 [main] DAO: Add new Department
2016-03-20 16:41:20,345 [main] DAO: Add new Department
2016-03-20 16:41:20,346 [main] DAO: Add new Employee
2016-03-20 16:41:20,346 [main] DAO: Add new Employee
2016-03-20 16:41:20,369 [main] DAO: Add new Employee
2016-03-20 16:41:20,369 [main] DAO: Add new Employee
2016-03-20 16:41:20,375 [main] DAO: Get all Employees from Department with id = 8
2016-03-20 16:41:20,375 [main] DAO: Get all Employees from Department with id = 8
2016-03-20 16:41:20,456 [main] Test DAO: run TestDeleteEmployee
2016-03-20 16:41:20,456 [main] Test DAO: run TestDeleteEmployee
2016-03-20 16:41:20,456 [main] DAO: Get all Employees
2016-03-20 16:41:20,456 [main] DAO: Get all Employees
2016-03-20 16:41:20,459 [main] DAO: Delete Employee with id = 5
2016-03-20 16:41:20,459 [main] DAO: Delete Employee with id = 5
2016-03-20 16:41:20,461 [main] DAO: Get all Employees
2016-03-20 16:41:20,461 [main] DAO: Get all Employees
2016-03-20 16:41:20,528 [main] Test DAO: run TestGetEmployee
2016-03-20 16:41:20,528 [main] Test DAO: run TestGetEmployee
2016-03-20 16:41:20,528 [main] DAO: Add new Employee
2016-03-20 16:41:20,528 [main] DAO: Add new Employee
2016-03-20 16:41:20,530 [main] DAO: Get Employee with id = 13
2016-03-20 16:41:20,530 [main] DAO: Get Employee with id = 13
2016-03-20 16:41:20,572 [main] Test DAO: run TestGetDepartment
2016-03-20 16:41:20,572 [main] Test DAO: run TestGetDepartment
2016-03-20 16:41:20,573 [main] DAO: Add new Department
2016-03-20 16:41:20,573 [main] DAO: Add new Department
2016-03-20 16:41:20,574 [main] DAO: Get Department with id = 9
2016-03-20 16:41:20,574 [main] DAO: Get Department with id = 9
2016-03-20 16:41:20,625 [main] Test DAO: run TestGetAllEmployees
2016-03-20 16:41:20,625 [main] Test DAO: run TestGetAllEmployees
2016-03-20 16:41:20,626 [main] DAO: Get all Employees
2016-03-20 16:41:20,626 [main] DAO: Get all Employees
2016-03-27 12:27:49,442 [main] Test DAO: run TestAddDepartment
2016-03-27 12:27:49,442 [main] Test DAO: run TestAddDepartment
2016-03-27 12:27:49,463 [main] DAO: Get all Departments
2016-03-27 12:27:49,463 [main] DAO: Get all Departments
2016-03-27 12:27:49,489 [main] DAO: Add new Department
2016-03-27 12:27:49,489 [main] DAO: Add new Department
2016-03-27 12:27:49,551 [main] DAO: Get all Departments
2016-03-27 12:27:49,551 [main] DAO: Get all Departments
2016-03-27 12:27:49,611 [main] Test DAO: run TestUpdateEmployee
2016-03-27 12:27:49,611 [main] Test DAO: run TestUpdateEmployee
2016-03-27 12:27:49,611 [main] DAO: Add new Employee
2016-03-27 12:27:49,611 [main] DAO: Add new Employee
2016-03-27 12:27:49,653 [main] DAO: Get Employee with id = 6
2016-03-27 12:27:49,653 [main] DAO: Get Employee with id = 6
2016-03-27 12:27:49,675 [main] DAO: Update Employee with id = 6
2016-03-27 12:27:49,675 [main] DAO: Update Employee with id = 6
2016-03-27 12:27:49,698 [main] DAO: Get Employee with id = 6
2016-03-27 12:27:49,698 [main] DAO: Get Employee with id = 6
2016-03-27 12:27:49,751 [main] Test DAO: run TestDeleteDepartment
2016-03-27 12:27:49,751 [main] Test DAO: run TestDeleteDepartment
2016-03-27 12:27:49,752 [main] DAO: Get all Departments
2016-03-27 12:27:49,752 [main] DAO: Get all Departments
2016-03-27 12:27:49,754 [main] DAO: Delete Department with id = 5
2016-03-27 12:27:49,754 [main] DAO: Delete Department with id = 5
2016-03-27 12:27:49,755 [main] DAO: Get all Departments
2016-03-27 12:27:49,755 [main] DAO: Get all Departments
2016-03-27 12:27:49,806 [main] Test DAO: run TestAddEmployee
2016-03-27 12:27:49,806 [main] Test DAO: run TestAddEmployee
2016-03-27 12:27:49,807 [main] DAO: Get all Employees
2016-03-27 12:27:49,807 [main] DAO: Get all Employees
2016-03-27 12:27:49,809 [main] DAO: Add new Employee
2016-03-27 12:27:49,809 [main] DAO: Add new Employee
2016-03-27 12:27:49,815 [main] DAO: Get all Employees
2016-03-27 12:27:49,815 [main] DAO: Get all Employees
2016-03-27 12:27:49,862 [main] Test DAO: run TestUpdateDepartment
2016-03-27 12:27:49,862 [main] Test DAO: run TestUpdateDepartment
2016-03-27 12:27:49,862 [main] DAO: Add new Department
2016-03-27 12:27:49,862 [main] DAO: Add new Department
2016-03-27 12:27:49,870 [main] DAO: Get Department with id = 7
2016-03-27 12:27:49,870 [main] DAO: Get Department with id = 7
2016-03-27 12:27:49,891 [main] DAO: Update Department with id = 7
2016-03-27 12:27:49,891 [main] DAO: Update Department with id = 7
2016-03-27 12:27:49,892 [main] DAO: Get Department with id = 7
2016-03-27 12:27:49,892 [main] DAO: Get Department with id = 7
2016-03-27 12:27:49,961 [main] Test DAO: run TestGetAllDepartments
2016-03-27 12:27:49,961 [main] Test DAO: run TestGetAllDepartments
2016-03-27 12:27:49,961 [main] DAO: Get all Departments
2016-03-27 12:27:49,961 [main] DAO: Get all Departments
2016-03-27 12:27:49,979 [main] Test DAO: run TestGetAllEmployeesFromDepartment
2016-03-27 12:27:49,979 [main] Test DAO: run TestGetAllEmployeesFromDepartment
2016-03-27 12:27:49,980 [main] DAO: Add new Department
2016-03-27 12:27:49,980 [main] DAO: Add new Department
2016-03-27 12:27:49,981 [main] DAO: Add new Employee
2016-03-27 12:27:49,981 [main] DAO: Add new Employee
2016-03-27 12:27:49,983 [main] DAO: Add new Employee
2016-03-27 12:27:49,983 [main] DAO: Add new Employee
2016-03-27 12:27:49,984 [main] DAO: Get all Employees from Department with id = 8
2016-03-27 12:27:49,984 [main] DAO: Get all Employees from Department with id = 8
2016-03-27 12:27:50,053 [main] Test DAO: run TestDeleteEmployee
2016-03-27 12:27:50,053 [main] Test DAO: run TestDeleteEmployee
2016-03-27 12:27:50,054 [main] DAO: Get all Employees
2016-03-27 12:27:50,054 [main] DAO: Get all Employees
2016-03-27 12:27:50,056 [main] DAO: Delete Employee with id = 5
2016-03-27 12:27:50,056 [main] DAO: Delete Employee with id = 5
2016-03-27 12:27:50,058 [main] DAO: Get all Employees
2016-03-27 12:27:50,058 [main] DAO: Get all Employees
2016-03-27 12:27:50,104 [main] Test DAO: run TestGetEmployee
2016-03-27 12:27:50,104 [main] Test DAO: run TestGetEmployee
2016-03-27 12:27:50,104 [main] DAO: Add new Employee
2016-03-27 12:27:50,104 [main] DAO: Add new Employee
2016-03-27 12:27:50,106 [main] DAO: Get Employee with id = 10
2016-03-27 12:27:50,106 [main] DAO: Get Employee with id = 10
2016-03-27 12:27:50,169 [main] Test DAO: run TestGetDepartment
2016-03-27 12:27:50,169 [main] Test DAO: run TestGetDepartment
2016-03-27 12:27:50,169 [main] DAO: Add new Department
2016-03-27 12:27:50,169 [main] DAO: Add new Department
2016-03-27 12:27:50,170 [main] DAO: Get Department with id = 9
2016-03-27 12:27:50,170 [main] DAO: Get Department with id = 9
2016-03-27 12:27:50,214 [main] Test DAO: run TestGetAllEmployees
2016-03-27 12:27:50,214 [main] Test DAO: run TestGetAllEmployees
2016-03-27 12:27:50,217 [main] DAO: Get all Employees
2016-03-27 12:27:50,217 [main] DAO: Get all Employees
2016-03-30 22:17:34,855 [main] Test DAO: run TestAddDepartment
2016-03-30 22:17:34,855 [main] Test DAO: run TestAddDepartment
2016-03-30 22:17:34,857 [main] DAO: Get all Departments
2016-03-30 22:17:34,857 [main] DAO: Get all Departments
2016-03-30 22:17:34,870 [main] DAO: Add new Department
2016-03-30 22:17:34,870 [main] DAO: Add new Department
2016-03-30 22:17:34,891 [main] DAO: Get all Departments
2016-03-30 22:17:34,891 [main] DAO: Get all Departments
2016-03-30 22:17:35,009 [main] Test DAO: run TestUpdateEmployee
2016-03-30 22:17:35,009 [main] Test DAO: run TestUpdateEmployee
2016-03-30 22:17:35,011 [main] DAO: Add new Employee
2016-03-30 22:17:35,011 [main] DAO: Add new Employee
2016-03-30 22:17:35,017 [main] DAO: Get Employee with id = 11
2016-03-30 22:17:35,017 [main] DAO: Get Employee with id = 11
2016-03-30 22:17:35,036 [main] DAO: Update Employee with id = 11
2016-03-30 22:17:35,036 [main] DAO: Update Employee with id = 11
2016-03-30 22:17:35,039 [main] DAO: Get Employee with id = 11
2016-03-30 22:17:35,039 [main] DAO: Get Employee with id = 11
2016-03-30 22:17:35,110 [main] Test DAO: run TestDeleteDepartment
2016-03-30 22:17:35,110 [main] Test DAO: run TestDeleteDepartment
2016-03-30 22:17:35,111 [main] DAO: Get all Departments
2016-03-30 22:17:35,111 [main] DAO: Get all Departments
2016-03-30 22:17:35,112 [main] DAO: Delete Department with id = 5
2016-03-30 22:17:35,112 [main] DAO: Delete Department with id = 5
2016-03-30 22:17:35,114 [main] DAO: Get all Departments
2016-03-30 22:17:35,114 [main] DAO: Get all Departments
2016-03-30 22:17:35,188 [main] Test DAO: run TestAddEmployee
2016-03-30 22:17:35,188 [main] Test DAO: run TestAddEmployee
2016-03-30 22:17:35,189 [main] DAO: Get all Employees
2016-03-30 22:17:35,189 [main] DAO: Get all Employees
2016-03-30 22:17:35,191 [main] DAO: Add new Employee
2016-03-30 22:17:35,191 [main] DAO: Add new Employee
2016-03-30 22:17:35,193 [main] DAO: Get all Employees
2016-03-30 22:17:35,193 [main] DAO: Get all Employees
2016-03-30 22:17:35,251 [main] Test DAO: run TestUpdateDepartment
2016-03-30 22:17:35,251 [main] Test DAO: run TestUpdateDepartment
2016-03-30 22:17:35,254 [main] DAO: Add new Department
2016-03-30 22:17:35,254 [main] DAO: Add new Department
2016-03-30 22:17:35,256 [main] DAO: Get Department with id = 11
2016-03-30 22:17:35,256 [main] DAO: Get Department with id = 11
2016-03-30 22:17:35,260 [main] DAO: Update Department with id = 11
2016-03-30 22:17:35,260 [main] DAO: Update Department with id = 11
2016-03-30 22:17:35,262 [main] DAO: Get Department with id = 11
2016-03-30 22:17:35,262 [main] DAO: Get Department with id = 11
2016-03-30 22:17:35,307 [main] Test DAO: run TestGetAllDepartments
2016-03-30 22:17:35,307 [main] Test DAO: run TestGetAllDepartments
2016-03-30 22:17:35,310 [main] DAO: Get all Departments
2016-03-30 22:17:35,310 [main] DAO: Get all Departments
2016-03-30 22:17:35,335 [main] Test DAO: run TestGetAllEmployeesFromDepartment
2016-03-30 22:17:35,335 [main] Test DAO: run TestGetAllEmployeesFromDepartment
2016-03-30 22:17:35,341 [main] DAO: Add new Department
2016-03-30 22:17:35,341 [main] DAO: Add new Department
2016-03-30 22:17:35,343 [main] DAO: Add new Employee
2016-03-30 22:17:35,343 [main] DAO: Add new Employee
2016-03-30 22:17:35,344 [main] DAO: Add new Employee
2016-03-30 22:17:35,344 [main] DAO: Add new Employee
2016-03-30 22:17:35,349 [main] DAO: Get all Employees from Department with id = 12
2016-03-30 22:17:35,349 [main] DAO: Get all Employees from Department with id = 12
2016-03-30 22:17:35,403 [main] Test DAO: run TestDeleteEmployee
2016-03-30 22:17:35,403 [main] Test DAO: run TestDeleteEmployee
2016-03-30 22:17:35,403 [main] DAO: Get all Employees
2016-03-30 22:17:35,403 [main] DAO: Get all Employees
2016-03-30 22:17:35,405 [main] DAO: Delete Employee with id = 5
2016-03-30 22:17:35,405 [main] DAO: Delete Employee with id = 5
2016-03-30 22:17:35,406 [main] DAO: Get all Employees
2016-03-30 22:17:35,406 [main] DAO: Get all Employees
2016-03-30 22:17:35,458 [main] Test DAO: run TestGetEmployee
2016-03-30 22:17:35,458 [main] Test DAO: run TestGetEmployee
2016-03-30 22:17:35,459 [main] DAO: Add new Employee
2016-03-30 22:17:35,459 [main] DAO: Add new Employee
2016-03-30 22:17:35,461 [main] DAO: Get Employee with id = 15
2016-03-30 22:17:35,461 [main] DAO: Get Employee with id = 15
2016-03-30 22:17:35,508 [main] Test DAO: run TestGetDepartment
2016-03-30 22:17:35,508 [main] Test DAO: run TestGetDepartment
2016-03-30 22:17:35,509 [main] DAO: Add new Department
2016-03-30 22:17:35,509 [main] DAO: Add new Department
2016-03-30 22:17:35,510 [main] DAO: Get Department with id = 13
2016-03-30 22:17:35,510 [main] DAO: Get Department with id = 13
2016-03-30 22:17:35,555 [main] Test DAO: run TestGetAllEmployees
2016-03-30 22:17:35,555 [main] Test DAO: run TestGetAllEmployees
2016-03-30 22:17:35,556 [main] DAO: Get all Employees
2016-03-30 22:17:35,556 [main] DAO: Get all Employees
2016-04-11 14:35:11,448 [main] Test DAO: run TestAddDepartment
2016-04-11 14:35:11,448 [main] Test DAO: run TestAddDepartment
2016-04-11 14:35:11,471 [main] DAO: Get all Departments
2016-04-11 14:35:11,471 [main] DAO: Get all Departments
2016-04-11 14:35:11,502 [main] DAO: Add new Department
2016-04-11 14:35:11,502 [main] DAO: Add new Department
2016-04-11 14:35:11,523 [main] DAO: Get all Departments
2016-04-11 14:35:11,523 [main] DAO: Get all Departments
2016-04-11 14:35:11,648 [main] Test DAO: run TestUpdateEmployee
2016-04-11 14:35:11,648 [main] Test DAO: run TestUpdateEmployee
2016-04-11 14:35:11,649 [main] DAO: Add new Employee
2016-04-11 14:35:11,649 [main] DAO: Add new Employee
2016-04-11 14:35:11,701 [main] DAO: Get Employee with id = 6
2016-04-11 14:35:11,701 [main] DAO: Get Employee with id = 6
2016-04-11 14:35:11,727 [main] DAO: Update Employee with id = 6
2016-04-11 14:35:11,727 [main] DAO: Update Employee with id = 6
2016-04-11 14:35:11,745 [main] DAO: Get Employee with id = 6
2016-04-11 14:35:11,745 [main] DAO: Get Employee with id = 6
2016-04-11 14:35:11,810 [main] Test DAO: run TestDeleteDepartment
2016-04-11 14:35:11,810 [main] Test DAO: run TestDeleteDepartment
2016-04-11 14:35:11,810 [main] DAO: Get all Departments
2016-04-11 14:35:11,810 [main] DAO: Get all Departments
2016-04-11 14:35:11,812 [main] DAO: Delete Department with id = 5
2016-04-11 14:35:11,812 [main] DAO: Delete Department with id = 5
2016-04-11 14:35:11,813 [main] DAO: Get all Departments
2016-04-11 14:35:11,813 [main] DAO: Get all Departments
2016-04-11 14:35:11,881 [main] Test DAO: run TestAddEmployee
2016-04-11 14:35:11,881 [main] Test DAO: run TestAddEmployee
2016-04-11 14:35:11,882 [main] DAO: Get all Employees
2016-04-11 14:35:11,882 [main] DAO: Get all Employees
2016-04-11 14:35:11,883 [main] DAO: Add new Employee
2016-04-11 14:35:11,883 [main] DAO: Add new Employee
2016-04-11 14:35:11,884 [main] DAO: Get all Employees
2016-04-11 14:35:11,884 [main] DAO: Get all Employees
2016-04-11 14:35:11,955 [main] Test DAO: run TestUpdateDepartment
2016-04-11 14:35:11,955 [main] Test DAO: run TestUpdateDepartment
2016-04-11 14:35:11,956 [main] DAO: Add new Department
2016-04-11 14:35:11,956 [main] DAO: Add new Department
2016-04-11 14:35:11,959 [main] DAO: Get Department with id = 7
2016-04-11 14:35:11,959 [main] DAO: Get Department with id = 7
2016-04-11 14:35:11,964 [main] DAO: Update Department with id = 7
2016-04-11 14:35:11,964 [main] DAO: Update Department with id = 7
2016-04-11 14:35:11,966 [main] DAO: Get Department with id = 7
2016-04-11 14:35:11,966 [main] DAO: Get Department with id = 7
2016-04-11 14:35:12,034 [main] Test DAO: run TestGetAllDepartments
2016-04-11 14:35:12,034 [main] Test DAO: run TestGetAllDepartments
2016-04-11 14:35:12,035 [main] DAO: Get all Departments
2016-04-11 14:35:12,035 [main] DAO: Get all Departments
2016-04-11 14:35:12,060 [main] Test DAO: run TestGetAllEmployeesFromDepartment
2016-04-11 14:35:12,060 [main] Test DAO: run TestGetAllEmployeesFromDepartment
2016-04-11 14:35:12,061 [main] DAO: Add new Department
2016-04-11 14:35:12,061 [main] DAO: Add new Department
2016-04-11 14:35:12,063 [main] DAO: Add new Employee
2016-04-11 14:35:12,063 [main] DAO: Add new Employee
2016-04-11 14:35:12,065 [main] DAO: Add new Employee
2016-04-11 14:35:12,065 [main] DAO: Add new Employee
2016-04-11 14:35:12,067 [main] DAO: Get all Employees from Department with id = 8
2016-04-11 14:35:12,067 [main] DAO: Get all Employees from Department with id = 8
2016-04-11 14:35:12,137 [main] Test DAO: run TestDeleteEmployee
2016-04-11 14:35:12,137 [main] Test DAO: run TestDeleteEmployee
2016-04-11 14:35:12,138 [main] DAO: Get all Employees
2016-04-11 14:35:12,138 [main] DAO: Get all Employees
2016-04-11 14:35:12,140 [main] DAO: Delete Employee with id = 5
2016-04-11 14:35:12,140 [main] DAO: Delete Employee with id = 5
2016-04-11 14:35:12,142 [main] DAO: Get all Employees
2016-04-11 14:35:12,142 [main] DAO: Get all Employees
2016-04-11 14:35:12,197 [main] Test DAO: run TestGetEmployee
2016-04-11 14:35:12,197 [main] Test DAO: run TestGetEmployee
2016-04-11 14:35:12,198 [main] DAO: Add new Employee
2016-04-11 14:35:12,198 [main] DAO: Add new Employee
2016-04-11 14:35:12,199 [main] DAO: Get Employee with id = 10
2016-04-11 14:35:12,199 [main] DAO: Get Employee with id = 10
2016-04-11 14:35:12,263 [main] Test DAO: run TestGetDepartment
2016-04-11 14:35:12,263 [main] Test DAO: run TestGetDepartment
2016-04-11 14:35:12,263 [main] DAO: Add new Department
2016-04-11 14:35:12,263 [main] DAO: Add new Department
2016-04-11 14:35:12,264 [main] DAO: Get Department with id = 9
2016-04-11 14:35:12,264 [main] DAO: Get Department with id = 9
2016-04-11 14:35:12,330 [main] Test DAO: run TestGetAllEmployees
2016-04-11 14:35:12,330 [main] Test DAO: run TestGetAllEmployees
2016-04-11 14:35:12,331 [main] DAO: Get all Employees
2016-04-11 14:35:12,331 [main] DAO: Get all Employees
2016-04-12 17:53:58,934 [main] Test DAO: run TestAddDepartment
2016-04-12 17:53:58,934 [main] Test DAO: run TestAddDepartment
2016-04-12 17:53:58,994 [main] DAO: Get all Departments
2016-04-12 17:53:58,994 [main] DAO: Get all Departments
2016-04-12 17:53:59,016 [main] DAO: Add new Department
2016-04-12 17:53:59,016 [main] DAO: Add new Department
2016-04-12 17:53:59,056 [main] DAO: Get all Departments
2016-04-12 17:53:59,056 [main] DAO: Get all Departments
2016-04-12 17:53:59,136 [main] Test DAO: run TestUpdateEmployee
2016-04-12 17:53:59,136 [main] Test DAO: run TestUpdateEmployee
2016-04-12 17:53:59,141 [main] DAO: Add new Employee
2016-04-12 17:53:59,141 [main] DAO: Add new Employee
2016-04-12 17:53:59,146 [main] DAO: Get Employee with id = 6
2016-04-12 17:53:59,146 [main] DAO: Get Employee with id = 6
2016-04-12 17:53:59,182 [main] DAO: Update Employee with id = 6
2016-04-12 17:53:59,182 [main] DAO: Update Employee with id = 6
2016-04-12 17:53:59,196 [main] DAO: Get Employee with id = 6
2016-04-12 17:53:59,196 [main] DAO: Get Employee with id = 6
2016-04-12 17:53:59,253 [main] Test DAO: run TestDeleteDepartment
2016-04-12 17:53:59,253 [main] Test DAO: run TestDeleteDepartment
2016-04-12 17:53:59,253 [main] DAO: Get all Departments
2016-04-12 17:53:59,253 [main] DAO: Get all Departments
2016-04-12 17:53:59,254 [main] DAO: Delete Department with id = 5
2016-04-12 17:53:59,254 [main] DAO: Delete Department with id = 5
2016-04-12 17:53:59,255 [main] DAO: Get all Departments
2016-04-12 17:53:59,255 [main] DAO: Get all Departments
2016-04-12 17:53:59,317 [main] Test DAO: run TestAddEmployee
2016-04-12 17:53:59,317 [main] Test DAO: run TestAddEmployee
2016-04-12 17:53:59,318 [main] DAO: Get all Employees
2016-04-12 17:53:59,318 [main] DAO: Get all Employees
2016-04-12 17:53:59,320 [main] DAO: Add new Employee
2016-04-12 17:53:59,320 [main] DAO: Add new Employee
2016-04-12 17:53:59,322 [main] DAO: Get all Employees
2016-04-12 17:53:59,322 [main] DAO: Get all Employees
2016-04-12 17:53:59,400 [main] Test DAO: run TestUpdateDepartment
2016-04-12 17:53:59,400 [main] Test DAO: run TestUpdateDepartment
2016-04-12 17:53:59,406 [main] DAO: Add new Department
2016-04-12 17:53:59,406 [main] DAO: Add new Department
2016-04-12 17:53:59,408 [main] DAO: Get Department with id = 7
2016-04-12 17:53:59,408 [main] DAO: Get Department with id = 7
2016-04-12 17:53:59,411 [main] DAO: Update Department with id = 7
2016-04-12 17:53:59,411 [main] DAO: Update Department with id = 7
2016-04-12 17:53:59,416 [main] DAO: Get Department with id = 7
2016-04-12 17:53:59,416 [main] DAO: Get Department with id = 7
2016-04-12 17:53:59,470 [main] Test DAO: run TestGetAllDepartments
2016-04-12 17:53:59,470 [main] Test DAO: run TestGetAllDepartments
2016-04-12 17:53:59,471 [main] DAO: Get all Departments
2016-04-12 17:53:59,471 [main] DAO: Get all Departments
2016-04-12 17:53:59,486 [main] Test DAO: run TestGetAllEmployeesFromDepartment
2016-04-12 17:53:59,486 [main] Test DAO: run TestGetAllEmployeesFromDepartment
2016-04-12 17:53:59,487 [main] DAO: Add new Department
2016-04-12 17:53:59,487 [main] DAO: Add new Department
2016-04-12 17:53:59,488 [main] DAO: Add new Employee
2016-04-12 17:53:59,488 [main] DAO: Add new Employee
2016-04-12 17:53:59,491 [main] DAO: Add new Employee
2016-04-12 17:53:59,491 [main] DAO: Add new Employee
2016-04-12 17:53:59,493 [main] DAO: Get all Employees from Department with id = 8
2016-04-12 17:53:59,493 [main] DAO: Get all Employees from Department with id = 8
2016-04-12 17:53:59,565 [main] Test DAO: run TestDeleteEmployee
2016-04-12 17:53:59,565 [main] Test DAO: run TestDeleteEmployee
2016-04-12 17:53:59,566 [main] DAO: Get all Employees
2016-04-12 17:53:59,566 [main] DAO: Get all Employees
2016-04-12 17:53:59,568 [main] DAO: Delete Employee with id = 5
2016-04-12 17:53:59,568 [main] DAO: Delete Employee with id = 5
2016-04-12 17:53:59,570 [main] DAO: Get all Employees
2016-04-12 17:53:59,570 [main] DAO: Get all Employees
2016-04-12 17:53:59,660 [main] Test DAO: run TestGetEmployee
2016-04-12 17:53:59,660 [main] Test DAO: run TestGetEmployee
2016-04-12 17:53:59,661 [main] DAO: Add new Employee
2016-04-12 17:53:59,661 [main] DAO: Add new Employee
2016-04-12 17:53:59,664 [main] DAO: Get Employee with id = 10
2016-04-12 17:53:59,664 [main] DAO: Get Employee with id = 10
2016-04-12 17:53:59,723 [main] Test DAO: run TestGetDepartment
2016-04-12 17:53:59,723 [main] Test DAO: run TestGetDepartment
2016-04-12 17:53:59,723 [main] DAO: Add new Department
2016-04-12 17:53:59,723 [main] DAO: Add new Department
2016-04-12 17:53:59,725 [main] DAO: Get Department with id = 9
2016-04-12 17:53:59,725 [main] DAO: Get Department with id = 9
2016-04-12 17:53:59,772 [main] Test DAO: run TestGetAllEmployees
2016-04-12 17:53:59,772 [main] Test DAO: run TestGetAllEmployees
2016-04-12 17:53:59,773 [main] DAO: Get all Employees
2016-04-12 17:53:59,773 [main] DAO: Get all Employees
2016-04-12 22:12:59,908 [main] Test DAO: run TestAddDepartment
2016-04-12 22:12:59,908 [main] Test DAO: run TestAddDepartment
2016-04-12 22:12:59,944 [main] DAO: Get all Departments
2016-04-12 22:12:59,944 [main] DAO: Get all Departments
2016-04-12 22:12:59,958 [main] DAO: Add new Department
2016-04-12 22:12:59,958 [main] DAO: Add new Department
2016-04-12 22:12:59,983 [main] DAO: Get all Departments
2016-04-12 22:12:59,983 [main] DAO: Get all Departments
2016-04-12 22:13:00,060 [main] Test DAO: run TestUpdateEmployee
2016-04-12 22:13:00,060 [main] Test DAO: run TestUpdateEmployee
2016-04-12 22:13:00,061 [main] DAO: Add new Employee
2016-04-12 22:13:00,061 [main] DAO: Add new Employee
2016-04-12 22:13:00,067 [main] DAO: Get Employee with id = 12
2016-04-12 22:13:00,067 [main] DAO: Get Employee with id = 12
2016-04-12 22:13:00,089 [main] DAO: Update Employee with id = 12
2016-04-12 22:13:00,089 [main] DAO: Update Employee with id = 12
2016-04-12 22:13:00,091 [main] DAO: Get Employee with id = 12
2016-04-12 22:13:00,091 [main] DAO: Get Employee with id = 12
2016-04-12 22:13:00,156 [main] Test DAO: run TestDeleteDepartment
2016-04-12 22:13:00,156 [main] Test DAO: run TestDeleteDepartment
2016-04-12 22:13:00,156 [main] DAO: Get all Departments
2016-04-12 22:13:00,156 [main] DAO: Get all Departments
2016-04-12 22:13:00,158 [main] DAO: Delete Department with id = 5
2016-04-12 22:13:00,158 [main] DAO: Delete Department with id = 5
2016-04-12 22:13:00,159 [main] DAO: Get all Departments
2016-04-12 22:13:00,159 [main] DAO: Get all Departments
2016-04-12 22:13:00,252 [main] Test DAO: run TestAddEmployee
2016-04-12 22:13:00,252 [main] Test DAO: run TestAddEmployee
2016-04-12 22:13:00,253 [main] DAO: Get all Employees
2016-04-12 22:13:00,253 [main] DAO: Get all Employees
2016-04-12 22:13:00,254 [main] DAO: Add new Employee
2016-04-12 22:13:00,254 [main] DAO: Add new Employee
2016-04-12 22:13:00,256 [main] DAO: Get all Employees
2016-04-12 22:13:00,256 [main] DAO: Get all Employees
2016-04-12 22:13:00,325 [main] Test DAO: run TestUpdateDepartment
2016-04-12 22:13:00,325 [main] Test DAO: run TestUpdateDepartment
2016-04-12 22:13:00,325 [main] DAO: Add new Department
2016-04-12 22:13:00,325 [main] DAO: Add new Department
2016-04-12 22:13:00,327 [main] DAO: Get Department with id = 12
2016-04-12 22:13:00,327 [main] DAO: Get Department with id = 12
2016-04-12 22:13:00,328 [main] DAO: Update Department with id = 12
2016-04-12 22:13:00,328 [main] DAO: Update Department with id = 12
2016-04-12 22:13:00,330 [main] DAO: Get Department with id = 12
2016-04-12 22:13:00,330 [main] DAO: Get Department with id = 12
2016-04-12 22:13:00,394 [main] Test DAO: run TestGetAllDepartments
2016-04-12 22:13:00,394 [main] Test DAO: run TestGetAllDepartments
2016-04-12 22:13:00,395 [main] DAO: Get all Departments
2016-04-12 22:13:00,395 [main] DAO: Get all Departments
2016-04-12 22:13:00,424 [main] Test DAO: run TestGetAllEmployeesFromDepartment
2016-04-12 22:13:00,424 [main] Test DAO: run TestGetAllEmployeesFromDepartment
2016-04-12 22:13:00,427 [main] DAO: Add new Department
2016-04-12 22:13:00,427 [main] DAO: Add new Department
2016-04-12 22:13:00,429 [main] DAO: Add new Employee
2016-04-12 22:13:00,429 [main] DAO: Add new Employee
2016-04-12 22:13:00,431 [main] DAO: Add new Employee
2016-04-12 22:13:00,431 [main] DAO: Add new Employee
2016-04-12 22:13:00,433 [main] DAO: Get all Employees from Department with id = 13
2016-04-12 22:13:00,433 [main] DAO: Get all Employees from Department with id = 13
2016-04-12 22:13:00,501 [main] Test DAO: run TestDeleteEmployee
2016-04-12 22:13:00,501 [main] Test DAO: run TestDeleteEmployee
2016-04-12 22:13:00,503 [main] DAO: Get all Employees
2016-04-12 22:13:00,503 [main] DAO: Get all Employees
2016-04-12 22:13:00,505 [main] DAO: Delete Employee with id = 5
2016-04-12 22:13:00,505 [main] DAO: Delete Employee with id = 5
2016-04-12 22:13:00,507 [main] DAO: Get all Employees
2016-04-12 22:13:00,507 [main] DAO: Get all Employees
2016-04-12 22:13:00,572 [main] Test DAO: run TestGetEmployee
2016-04-12 22:13:00,572 [main] Test DAO: run TestGetEmployee
2016-04-12 22:13:00,573 [main] DAO: Add new Employee
2016-04-12 22:13:00,573 [main] DAO: Add new Employee
2016-04-12 22:13:00,575 [main] DAO: Get Employee with id = 16
2016-04-12 22:13:00,575 [main] DAO: Get Employee with id = 16
2016-04-12 22:13:00,637 [main] Test DAO: run TestGetDepartment
2016-04-12 22:13:00,637 [main] Test DAO: run TestGetDepartment
2016-04-12 22:13:00,638 [main] DAO: Add new Department
2016-04-12 22:13:00,638 [main] DAO: Add new Department
2016-04-12 22:13:00,639 [main] DAO: Get Department with id = 14
2016-04-12 22:13:00,639 [main] DAO: Get Department with id = 14
2016-04-12 22:13:00,692 [main] Test DAO: run TestGetAllEmployees
2016-04-12 22:13:00,692 [main] Test DAO: run TestGetAllEmployees
2016-04-12 22:13:00,693 [main] DAO: Get all Employees
2016-04-12 22:13:00,693 [main] DAO: Get all Employees
2016-04-12 22:13:23,324 [main] Test DAO: run TestAddDepartment
2016-04-12 22:13:23,324 [main] Test DAO: run TestAddDepartment
2016-04-12 22:13:23,327 [main] DAO: Get all Departments
2016-04-12 22:13:23,327 [main] DAO: Get all Departments
2016-04-12 22:13:23,339 [main] DAO: Add new Department
2016-04-12 22:13:23,339 [main] DAO: Add new Department
2016-04-12 22:13:23,365 [main] DAO: Get all Departments
2016-04-12 22:13:23,365 [main] DAO: Get all Departments
2016-04-12 22:13:23,491 [main] Test DAO: run TestUpdateEmployee
2016-04-12 22:13:23,491 [main] Test DAO: run TestUpdateEmployee
2016-04-12 22:13:23,491 [main] DAO: Add new Employee
2016-04-12 22:13:23,491 [main] DAO: Add new Employee
2016-04-12 22:13:23,497 [main] DAO: Get Employee with id = 17
2016-04-12 22:13:23,497 [main] DAO: Get Employee with id = 17
2016-04-12 22:13:23,521 [main] DAO: Update Employee with id = 17
2016-04-12 22:13:23,521 [main] DAO: Update Employee with id = 17
2016-04-12 22:13:23,524 [main] DAO: Get Employee with id = 17
2016-04-12 22:13:23,524 [main] DAO: Get Employee with id = 17
2016-04-12 22:13:23,601 [main] Test DAO: run TestDeleteDepartment
2016-04-12 22:13:23,601 [main] Test DAO: run TestDeleteDepartment
2016-04-12 22:13:23,603 [main] DAO: Get all Departments
2016-04-12 22:13:23,603 [main] DAO: Get all Departments
2016-04-12 22:13:23,604 [main] DAO: Delete Department with id = 5
2016-04-12 22:13:23,604 [main] DAO: Delete Department with id = 5
2016-04-12 22:13:23,606 [main] DAO: Get all Departments
2016-04-12 22:13:23,606 [main] DAO: Get all Departments
2016-04-12 22:13:23,668 [main] Test DAO: run TestAddEmployee
2016-04-12 22:13:23,668 [main] Test DAO: run TestAddEmployee
2016-04-12 22:13:23,669 [main] DAO: Get all Employees
2016-04-12 22:13:23,669 [main] DAO: Get all Employees
2016-04-12 22:13:23,671 [main] DAO: Add new Employee
2016-04-12 22:13:23,671 [main] DAO: Add new Employee
2016-04-12 22:13:23,673 [main] DAO: Get all Employees
2016-04-12 22:13:23,673 [main] DAO: Get all Employees
2016-04-12 22:13:23,744 [main] Test DAO: run TestUpdateDepartment
2016-04-12 22:13:23,744 [main] Test DAO: run TestUpdateDepartment
2016-04-12 22:13:23,747 [main] DAO: Add new Department
2016-04-12 22:13:23,747 [main] DAO: Add new Department
2016-04-12 22:13:23,754 [main] DAO: Get Department with id = 16
2016-04-12 22:13:23,754 [main] DAO: Get Department with id = 16
2016-04-12 22:13:23,759 [main] DAO: Update Department with id = 16
2016-04-12 22:13:23,759 [main] DAO: Update Department with id = 16
2016-04-12 22:13:23,761 [main] DAO: Get Department with id = 16
2016-04-12 22:13:23,761 [main] DAO: Get Department with id = 16
2016-04-12 22:13:23,897 [main] Test DAO: run TestGetAllDepartments
2016-04-12 22:13:23,897 [main] Test DAO: run TestGetAllDepartments
2016-04-12 22:13:23,898 [main] DAO: Get all Departments
2016-04-12 22:13:23,898 [main] DAO: Get all Departments
2016-04-12 22:13:23,917 [main] Test DAO: run TestGetAllEmployeesFromDepartment
2016-04-12 22:13:23,917 [main] Test DAO: run TestGetAllEmployeesFromDepartment
2016-04-12 22:13:23,918 [main] DAO: Add new Department
2016-04-12 22:13:23,918 [main] DAO: Add new Department
2016-04-12 22:13:23,919 [main] DAO: Add new Employee
2016-04-12 22:13:23,919 [main] DAO: Add new Employee
2016-04-12 22:13:23,921 [main] DAO: Add new Employee
2016-04-12 22:13:23,921 [main] DAO: Add new Employee
2016-04-12 22:13:23,922 [main] DAO: Get all Employees from Department with id = 17
2016-04-12 22:13:23,922 [main] DAO: Get all Employees from Department with id = 17
2016-04-12 22:13:23,978 [main] Test DAO: run TestDeleteEmployee
2016-04-12 22:13:23,978 [main] Test DAO: run TestDeleteEmployee
2016-04-12 22:13:23,980 [main] DAO: Get all Employees
2016-04-12 22:13:23,980 [main] DAO: Get all Employees
2016-04-12 22:13:23,982 [main] DAO: Delete Employee with id = 5
2016-04-12 22:13:23,982 [main] DAO: Delete Employee with id = 5
2016-04-12 22:13:23,984 [main] DAO: Get all Employees
2016-04-12 22:13:23,984 [main] DAO: Get all Employees
2016-04-12 22:13:24,045 [main] Test DAO: run TestGetEmployee
2016-04-12 22:13:24,045 [main] Test DAO: run TestGetEmployee
2016-04-12 22:13:24,046 [main] DAO: Add new Employee
2016-04-12 22:13:24,046 [main] DAO: Add new Employee
2016-04-12 22:13:24,048 [main] DAO: Get Employee with id = 21
2016-04-12 22:13:24,048 [main] DAO: Get Employee with id = 21
2016-04-12 22:13:24,146 [main] Test DAO: run TestGetDepartment
2016-04-12 22:13:24,146 [main] Test DAO: run TestGetDepartment
2016-04-12 22:13:24,147 [main] DAO: Add new Department
2016-04-12 22:13:24,147 [main] DAO: Add new Department
2016-04-12 22:13:24,150 [main] DAO: Get Department with id = 18
2016-04-12 22:13:24,150 [main] DAO: Get Department with id = 18
2016-04-12 22:13:24,212 [main] Test DAO: run TestGetAllEmployees
2016-04-12 22:13:24,212 [main] Test DAO: run TestGetAllEmployees
2016-04-12 22:13:24,213 [main] DAO: Get all Employees
2016-04-12 22:13:24,213 [main] DAO: Get all Employees
